[1 - Suricata-Main] 2026-07-02 16:59:51 Notice: suricata: This is Suricata version 8.0.4 RELEASE running in SYSTEM mode
[1 - Suricata-Main] 2026-07-02 16:59:51 Info: cpu: CPUs/cores online: 2
[1 - Suricata-Main] 2026-07-02 16:59:51 Info: suricata: Setting engine mode to IDS mode by default
[1 - Suricata-Main] 2026-07-02 16:59:51 Info: exception-policy: master exception-policy set to: auto
[1 - Suricata-Main] 2026-07-02 16:59:51 Info: privs: dropped the caps for main thread
[1 - Suricata-Main] 2026-07-02 16:59:51 Info: conf: Running in live mode, activating unix socket
[1 - Suricata-Main] 2026-07-02 16:59:51 Info: logopenfile: fast output device (regular) initialized: fast.log
[1 - Suricata-Main] 2026-07-02 16:59:51 Info: logopenfile: eve-log output device (regular) initialized: eve.json
[1 - Suricata-Main] 2026-07-02 16:59:51 Info: logopenfile: stats output device (regular) initialized: stats.log
[1 - Suricata-Main] 2026-07-02 16:59:51 Warning: detect: No rule files match the pattern /var/lib/suricata/rules/suricata.rules
[1 - Suricata-Main] 2026-07-02 16:59:51 Warning: detect: 1 rule files specified, but no rules were loaded!
[1 - Suricata-Main] 2026-07-02 16:59:51 Info: threshold-config: Threshold config parsed: 0 rule(s) found
[1 - Suricata-Main] 2026-07-02 16:59:51 Info: detect: 0 signatures processed. 0 are IP-only rules, 0 are inspecting packet payload, 0 inspect application layer, 0 are decoder event only
[1 - Suricata-Main] 2026-07-02 16:59:51 Info: unix-manager: unix socket '/var/run/suricata/suricata-command.socket'
[1 - Suricata-Main] 2026-07-02 16:59:51 Info: runmodes: enp2s0: creating 2 threads
[20 - W#01-enp2s0] 2026-07-02 16:59:51 Info: ioctl: enp2s0: MTU 1500
[1 - Suricata-Main] 2026-07-02 16:59:51 Notice: threads: Threads created -> W: 2 FM: 1 FR: 1   Engine started.
[1 - Suricata-Main] 2026-07-02 17:02:05 Notice: suricata: Signal Received.  Stopping engine.
[1 - Suricata-Main] 2026-07-02 17:02:05 Info: suricata: time elapsed 134.525s
[1 - Suricata-Main] 2026-07-02 17:02:06 Info: counters: Alerts: 0
[1 - Suricata-Main] 2026-07-02 17:02:06 Notice: device: enp2s0: packets: 101, drops: 0 (0.00%), invalid chksum: 0
[1 - Suricata-Main] 2026-07-02 17:05:04 Notice: suricata: This is Suricata version 8.0.4 RELEASE running in SYSTEM mode
[1 - Suricata-Main] 2026-07-02 17:05:04 Info: cpu: CPUs/cores online: 2
[1 - Suricata-Main] 2026-07-02 17:05:04 Info: suricata: Setting engine mode to IDS mode by default
[1 - Suricata-Main] 2026-07-02 17:05:04 Info: exception-policy: master exception-policy set to: auto
[1 - Suricata-Main] 2026-07-02 17:05:04 Info: privs: dropped the caps for main thread
[1 - Suricata-Main] 2026-07-02 17:05:04 Info: conf: Running in live mode, activating unix socket
[1 - Suricata-Main] 2026-07-02 17:05:04 Info: logopenfile: fast output device (regular) initialized: fast.log
[1 - Suricata-Main] 2026-07-02 17:05:04 Info: logopenfile: eve-log output device (regular) initialized: eve.json
[1 - Suricata-Main] 2026-07-02 17:05:04 Info: logopenfile: stats output device (regular) initialized: stats.log
[1 - Suricata-Main] 2026-07-02 17:05:04 Warning: detect: No rule files match the pattern /var/lib/suricata/rules/suricata.rules
[1 - Suricata-Main] 2026-07-02 17:05:04 Warning: detect: 1 rule files specified, but no rules were loaded!
[1 - Suricata-Main] 2026-07-02 17:05:04 Info: threshold-config: Threshold config parsed: 0 rule(s) found
[1 - Suricata-Main] 2026-07-02 17:05:04 Info: detect: 0 signatures processed. 0 are IP-only rules, 0 are inspecting packet payload, 0 inspect application layer, 0 are decoder event only
[1 - Suricata-Main] 2026-07-02 17:05:04 Info: unix-manager: unix socket '/var/run/suricata/suricata-command.socket'
[1 - Suricata-Main] 2026-07-02 17:05:04 Info: runmodes: enp2s0: creating 2 threads
[21 - W#01-enp2s0] 2026-07-02 17:05:04 Info: ioctl: enp2s0: MTU 1500
[1 - Suricata-Main] 2026-07-02 17:05:04 Notice: threads: Threads created -> W: 2 FM: 1 FR: 1   Engine started.
[1 - Suricata-Main] 2026-07-02 17:11:07 Notice: suricata: Signal Received.  Stopping engine.
[1 - Suricata-Main] 2026-07-02 17:11:07 Info: suricata: time elapsed 363.440s
[1 - Suricata-Main] 2026-07-02 17:11:08 Info: counters: Alerts: 0
[1 - Suricata-Main] 2026-07-02 17:11:08 Notice: device: enp2s0: packets: 6274, drops: 0 (0.00%), invalid chksum: 0
